0 info it worked if it ends with ok
1 verbose cli [ '/Users/andsbf/.nvm/versions/node/v0.12.15/bin/node',
1 verbose cli   '/Users/andsbf/.nvm/versions/node/v0.12.15/bin/npm',
1 verbose cli   'run',
1 verbose cli   'start' ]
2 info using npm@2.15.1
3 info using node@v0.12.15
4 verbose stack Error: ENOENT, open '/Users/andsbf/personal/react-redux-experiment/package.json'
4 verbose stack     at Error (native)
5 verbose cwd /Users/andsbf/personal/react-redux-experiment
6 error Darwin 15.0.0
7 error argv "/Users/andsbf/.nvm/versions/node/v0.12.15/bin/node" "/Users/andsbf/.nvm/versions/node/v0.12.15/bin/npm" "run" "start"
8 error node v0.12.15
9 error npm  v2.15.1
10 error path /Users/andsbf/personal/react-redux-experiment/package.json
11 error code ENOENT
12 error errno -2
13 error enoent ENOENT, open '/Users/andsbf/personal/react-redux-experiment/package.json'
13 error enoent This is most likely not a problem with npm itself
13 error enoent and is related to npm not being able to find a file.
14 verbose exit [ -2, true ]
